<?xml version="1.0" encoding="UTF-8"?>
<testsuite xmlns:xsi="http://www.w3.org/2001/XMLSchema-instance" xsi:noNamespaceSchemaLocation="https://maven.apache.org/surefire/maven-surefire-plugin/xsd/surefire-test-report.xsd" version="3.0.2" name="com.example.demopipeline.controller.ProductControllerTest" time="3.698" tests="14" errors="0" skipped="0" failures="0">
  <properties>
    <property name="java.specification.version" value="17"/>
    <property name="sun.jnu.encoding" value="UTF-8"/>
    <property name="java.class.path" value="/home/wyiu/personal/demopipeline/target/test-classes:/home/wyiu/personal/demopipeline/target/classes:/home/wyiu/.m2/repository/org/springframework/boot/spring-boot-starter-web/3.4.5/spring-boot-starter-web-3.4.5.jar:/home/wyiu/.m2/repository/org/springframework/boot/spring-boot-starter/3.4.5/spring-boot-starter-3.4.5.jar:/home/wyiu/.m2/repository/org/springframework/boot/spring-boot-starter-logging/3.4.5/spring-boot-starter-logging-3.4.5.jar:/home/wyiu/.m2/repository/ch/qos/logback/logback-classic/1.5.18/logback-classic-1.5.18.jar:/home/wyiu/.m2/repository/ch/qos/logback/logback-core/1.5.18/logback-core-1.5.18.jar:/home/wyiu/.m2/repository/org/apache/logging/log4j/log4j-to-slf4j/2.24.3/log4j-to-slf4j-2.24.3.jar:/home/wyiu/.m2/repository/org/apache/logging/log4j/log4j-api/2.24.3/log4j-api-2.24.3.jar:/home/wyiu/.m2/repository/org/slf4j/jul-to-slf4j/2.0.17/jul-to-slf4j-2.0.17.jar:/home/wyiu/.m2/repository/jakarta/annotation/jakarta.annotation-api/2.1.1/jakarta.annotation-api-2.1.1.jar:/home/wyiu/.m2/repository/org/yaml/snakeyaml/2.3/snakeyaml-2.3.jar:/home/wyiu/.m2/repository/org/springframework/boot/spring-boot-starter-json/3.4.5/spring-boot-starter-json-3.4.5.jar:/home/wyiu/.m2/repository/com/fasterxml/jackson/core/jackson-databind/2.18.3/jackson-databind-2.18.3.jar:/home/wyiu/.m2/repository/com/fasterxml/jackson/core/jackson-annotations/2.18.3/jackson-annotations-2.18.3.jar:/home/wyiu/.m2/repository/com/fasterxml/jackson/core/jackson-core/2.18.3/jackson-core-2.18.3.jar:/home/wyiu/.m2/repository/com/fasterxml/jackson/datatype/jackson-datatype-jdk8/2.18.3/jackson-datatype-jdk8-2.18.3.jar:/home/wyiu/.m2/repository/com/fasterxml/jackson/datatype/jackson-datatype-jsr310/2.18.3/jackson-datatype-jsr310-2.18.3.jar:/home/wyiu/.m2/repository/com/fasterxml/jackson/module/jackson-module-parameter-names/2.18.3/jackson-module-parameter-names-2.18.3.jar:/home/wyiu/.m2/repository/org/springframework/boot/spring-boot-starter-tomcat/3.4.5/spring-boot-starter-tomcat-3.4.5.jar:/home/wyiu/.m2/repository/org/apache/tomcat/embed/tomcat-embed-core/10.1.35/tomcat-embed-core-10.1.35.jar:/home/wyiu/.m2/repository/org/apache/tomcat/embed/tomcat-embed-websocket/10.1.35/tomcat-embed-websocket-10.1.35.jar:/home/wyiu/.m2/repository/org/springframework/spring-web/6.2.6/spring-web-6.2.6.jar:/home/wyiu/.m2/repository/org/springframework/spring-beans/6.2.6/spring-beans-6.2.6.jar:/home/wyiu/.m2/repository/org/springframework/spring-webmvc/6.2.6/spring-webmvc-6.2.6.jar:/home/wyiu/.m2/repository/org/springframework/spring-aop/6.2.6/spring-aop-6.2.6.jar:/home/wyiu/.m2/repository/org/springframework/spring-context/6.2.6/spring-context-6.2.6.jar:/home/wyiu/.m2/repository/org/springframework/spring-expression/6.2.6/spring-expression-6.2.6.jar:/home/wyiu/.m2/repository/org/springframework/boot/spring-boot-starter-validation/3.4.5/spring-boot-starter-validation-3.4.5.jar:/home/wyiu/.m2/repository/org/apache/tomcat/embed/tomcat-embed-el/10.1.35/tomcat-embed-el-10.1.35.jar:/home/wyiu/.m2/repository/org/hibernate/validator/hibernate-validator/8.0.2.Final/hibernate-validator-8.0.2.Final.jar:/home/wyiu/.m2/repository/jakarta/validation/jakarta.validation-api/3.0.2/jakarta.validation-api-3.0.2.jar:/home/wyiu/.m2/repository/org/jboss/logging/jboss-logging/3.6.1.Final/jboss-logging-3.6.1.Final.jar:/home/wyiu/.m2/repository/com/fasterxml/classmate/1.7.0/classmate-1.7.0.jar:/home/wyiu/.m2/repository/org/springframework/boot/spring-boot-starter-actuator/3.4.5/spring-boot-starter-actuator-3.4.5.jar:/home/wyiu/.m2/repository/org/springframework/boot/spring-boot-actuator-autoconfigure/3.4.5/spring-boot-actuator-autoconfigure-3.4.5.jar:/home/wyiu/.m2/repository/org/springframework/boot/spring-boot-actuator/3.4.5/spring-boot-actuator-3.4.5.jar:/home/wyiu/.m2/repository/io/micrometer/micrometer-observation/1.14.6/micrometer-observation-1.14.6.jar:/home/wyiu/.m2/repository/io/micrometer/micrometer-commons/1.14.6/micrometer-commons-1.14.6.jar:/home/wyiu/.m2/repository/io/micrometer/micrometer-jakarta9/1.14.6/micrometer-jakarta9-1.14.6.jar:/home/wyiu/.m2/repository/io/micrometer/micrometer-core/1.14.6/micrometer-core-1.14.6.jar:/home/wyiu/.m2/repository/org/hdrhistogram/HdrHistogram/2.2.2/HdrHistogram-2.2.2.jar:/home/wyiu/.m2/repository/org/latencyutils/LatencyUtils/2.0.3/LatencyUtils-2.0.3.jar:/home/wyiu/.m2/repository/org/springframework/boot/spring-boot-devtools/3.4.5/spring-boot-devtools-3.4.5.jar:/home/wyiu/.m2/repository/org/springframework/boot/spring-boot/3.4.5/spring-boot-3.4.5.jar:/home/wyiu/.m2/repository/org/springframework/boot/spring-boot-autoconfigure/3.4.5/spring-boot-autoconfigure-3.4.5.jar:/home/wyiu/.m2/repository/org/projectlombok/lombok/1.18.38/lombok-1.18.38.jar:/home/wyiu/.m2/repository/org/springframework/boot/spring-boot-starter-test/3.4.5/spring-boot-starter-test-3.4.5.jar:/home/wyiu/.m2/repository/org/springframework/boot/spring-boot-test/3.4.5/spring-boot-test-3.4.5.jar:/home/wyiu/.m2/repository/org/springframework/boot/spring-boot-test-autoconfigure/3.4.5/spring-boot-test-autoconfigure-3.4.5.jar:/home/wyiu/.m2/repository/com/jayway/jsonpath/json-path/2.9.0/json-path-2.9.0.jar:/home/wyiu/.m2/repository/org/slf4j/slf4j-api/2.0.17/slf4j-api-2.0.17.jar:/home/wyiu/.m2/repository/jakarta/xml/bind/jakarta.xml.bind-api/4.0.2/jakarta.xml.bind-api-4.0.2.jar:/home/wyiu/.m2/repository/jakarta/activation/jakarta.activation-api/2.1.3/jakarta.activation-api-2.1.3.jar:/home/wyiu/.m2/repository/net/minidev/json-smart/2.5.2/json-smart-2.5.2.jar:/home/wyiu/.m2/repository/net/minidev/accessors-smart/2.5.2/accessors-smart-2.5.2.jar:/home/wyiu/.m2/repository/org/ow2/asm/asm/9.7.1/asm-9.7.1.jar:/home/wyiu/.m2/repository/org/assertj/assertj-core/3.26.3/assertj-core-3.26.3.jar:/home/wyiu/.m2/repository/net/bytebuddy/byte-buddy/1.15.11/byte-buddy-1.15.11.jar:/home/wyiu/.m2/repository/org/awaitility/awaitility/4.2.2/awaitility-4.2.2.jar:/home/wyiu/.m2/repository/org/hamcrest/hamcrest/2.2/hamcrest-2.2.jar:/home/wyiu/.m2/repository/org/junit/jupiter/junit-jupiter/5.11.4/junit-jupiter-5.11.4.jar:/home/wyiu/.m2/repository/org/junit/jupiter/junit-jupiter-api/5.11.4/junit-jupiter-api-5.11.4.jar:/home/wyiu/.m2/repository/org/opentest4j/opentest4j/1.3.0/opentest4j-1.3.0.jar:/home/wyiu/.m2/repository/org/junit/platform/junit-platform-commons/1.11.4/junit-platform-commons-1.11.4.jar:/home/wyiu/.m2/repository/org/apiguardian/apiguardian-api/1.1.2/apiguardian-api-1.1.2.jar:/home/wyiu/.m2/repository/org/junit/jupiter/junit-jupiter-params/5.11.4/junit-jupiter-params-5.11.4.jar:/home/wyiu/.m2/repository/org/junit/jupiter/junit-jupiter-engine/5.11.4/junit-jupiter-engine-5.11.4.jar:/home/wyiu/.m2/repository/org/junit/platform/junit-platform-engine/1.11.4/junit-platform-engine-1.11.4.jar:/home/wyiu/.m2/repository/org/mockito/mockito-core/5.14.2/mockito-core-5.14.2.jar:/home/wyiu/.m2/repository/net/bytebuddy/byte-buddy-agent/1.15.11/byte-buddy-agent-1.15.11.jar:/home/wyiu/.m2/repository/org/objenesis/objenesis/3.3/objenesis-3.3.jar:/home/wyiu/.m2/repository/org/mockito/mockito-junit-jupiter/5.14.2/mockito-junit-jupiter-5.14.2.jar:/home/wyiu/.m2/repository/org/skyscreamer/jsonassert/1.5.3/jsonassert-1.5.3.jar:/home/wyiu/.m2/repository/com/vaadin/external/google/android-json/0.0.20131108.vaadin1/android-json-0.0.20131108.vaadin1.jar:/home/wyiu/.m2/repository/org/springframework/spring-core/6.2.6/spring-core-6.2.6.jar:/home/wyiu/.m2/repository/org/springframework/spring-jcl/6.2.6/spring-jcl-6.2.6.jar:/home/wyiu/.m2/repository/org/springframework/spring-test/6.2.6/spring-test-6.2.6.jar:/home/wyiu/.m2/repository/org/xmlunit/xmlunit-core/2.10.0/xmlunit-core-2.10.0.jar:"/>
    <property name="java.vm.vendor" value="Red Hat, Inc."/>
    <property name="sun.arch.data.model" value="64"/>
    <property name="java.vendor.url" value="https://www.redhat.com/"/>
    <property name="user.timezone" value="America/New_York"/>
    <property name="org.jboss.logging.provider" value="slf4j"/>
    <property name="os.name" value="Linux"/>
    <property name="java.vm.specification.version" value="17"/>
    <property name="sun.java.launcher" value="SUN_STANDARD"/>
    <property name="user.country" value="US"/>
    <property name="sun.boot.library.path" value="/usr/lib/jvm/java-17-openjdk-17.0.15.0.6-2.0.1.el9.x86_64/lib"/>
    <property name="sun.java.command" value="/home/wyiu/personal/demopipeline/target/surefire/surefirebooter-20250609223352944_3.jar /home/wyiu/personal/demopipeline/target/surefire 2025-06-09T22-33-52_704-jvmRun1 surefire-20250609223352944_1tmp surefire_0-20250609223352944_2tmp"/>
    <property name="jdk.debug" value="release"/>
    <property name="surefire.test.class.path" value="/home/wyiu/personal/demopipeline/target/test-classes:/home/wyiu/personal/demopipeline/target/classes:/home/wyiu/.m2/repository/org/springframework/boot/spring-boot-starter-web/3.4.5/spring-boot-starter-web-3.4.5.jar:/home/wyiu/.m2/repository/org/springframework/boot/spring-boot-starter/3.4.5/spring-boot-starter-3.4.5.jar:/home/wyiu/.m2/repository/org/springframework/boot/spring-boot-starter-logging/3.4.5/spring-boot-starter-logging-3.4.5.jar:/home/wyiu/.m2/repository/ch/qos/logback/logback-classic/1.5.18/logback-classic-1.5.18.jar:/home/wyiu/.m2/repository/ch/qos/logback/logback-core/1.5.18/logback-core-1.5.18.jar:/home/wyiu/.m2/repository/org/apache/logging/log4j/log4j-to-slf4j/2.24.3/log4j-to-slf4j-2.24.3.jar:/home/wyiu/.m2/repository/org/apache/logging/log4j/log4j-api/2.24.3/log4j-api-2.24.3.jar:/home/wyiu/.m2/repository/org/slf4j/jul-to-slf4j/2.0.17/jul-to-slf4j-2.0.17.jar:/home/wyiu/.m2/repository/jakarta/annotation/jakarta.annotation-api/2.1.1/jakarta.annotation-api-2.1.1.jar:/home/wyiu/.m2/repository/org/yaml/snakeyaml/2.3/snakeyaml-2.3.jar:/home/wyiu/.m2/repository/org/springframework/boot/spring-boot-starter-json/3.4.5/spring-boot-starter-json-3.4.5.jar:/home/wyiu/.m2/repository/com/fasterxml/jackson/core/jackson-databind/2.18.3/jackson-databind-2.18.3.jar:/home/wyiu/.m2/repository/com/fasterxml/jackson/core/jackson-annotations/2.18.3/jackson-annotations-2.18.3.jar:/home/wyiu/.m2/repository/com/fasterxml/jackson/core/jackson-core/2.18.3/jackson-core-2.18.3.jar:/home/wyiu/.m2/repository/com/fasterxml/jackson/datatype/jackson-datatype-jdk8/2.18.3/jackson-datatype-jdk8-2.18.3.jar:/home/wyiu/.m2/repository/com/fasterxml/jackson/datatype/jackson-datatype-jsr310/2.18.3/jackson-datatype-jsr310-2.18.3.jar:/home/wyiu/.m2/repository/com/fasterxml/jackson/module/jackson-module-parameter-names/2.18.3/jackson-module-parameter-names-2.18.3.jar:/home/wyiu/.m2/repository/org/springframework/boot/spring-boot-starter-tomcat/3.4.5/spring-boot-starter-tomcat-3.4.5.jar:/home/wyiu/.m2/repository/org/apache/tomcat/embed/tomcat-embed-core/10.1.35/tomcat-embed-core-10.1.35.jar:/home/wyiu/.m2/repository/org/apache/tomcat/embed/tomcat-embed-websocket/10.1.35/tomcat-embed-websocket-10.1.35.jar:/home/wyiu/.m2/repository/org/springframework/spring-web/6.2.6/spring-web-6.2.6.jar:/home/wyiu/.m2/repository/org/springframework/spring-beans/6.2.6/spring-beans-6.2.6.jar:/home/wyiu/.m2/repository/org/springframework/spring-webmvc/6.2.6/spring-webmvc-6.2.6.jar:/home/wyiu/.m2/repository/org/springframework/spring-aop/6.2.6/spring-aop-6.2.6.jar:/home/wyiu/.m2/repository/org/springframework/spring-context/6.2.6/spring-context-6.2.6.jar:/home/wyiu/.m2/repository/org/springframework/spring-expression/6.2.6/spring-expression-6.2.6.jar:/home/wyiu/.m2/repository/org/springframework/boot/spring-boot-starter-validation/3.4.5/spring-boot-starter-validation-3.4.5.jar:/home/wyiu/.m2/repository/org/apache/tomcat/embed/tomcat-embed-el/10.1.35/tomcat-embed-el-10.1.35.jar:/home/wyiu/.m2/repository/org/hibernate/validator/hibernate-validator/8.0.2.Final/hibernate-validator-8.0.2.Final.jar:/home/wyiu/.m2/repository/jakarta/validation/jakarta.validation-api/3.0.2/jakarta.validation-api-3.0.2.jar:/home/wyiu/.m2/repository/org/jboss/logging/jboss-logging/3.6.1.Final/jboss-logging-3.6.1.Final.jar:/home/wyiu/.m2/repository/com/fasterxml/classmate/1.7.0/classmate-1.7.0.jar:/home/wyiu/.m2/repository/org/springframework/boot/spring-boot-starter-actuator/3.4.5/spring-boot-starter-actuator-3.4.5.jar:/home/wyiu/.m2/repository/org/springframework/boot/spring-boot-actuator-autoconfigure/3.4.5/spring-boot-actuator-autoconfigure-3.4.5.jar:/home/wyiu/.m2/repository/org/springframework/boot/spring-boot-actuator/3.4.5/spring-boot-actuator-3.4.5.jar:/home/wyiu/.m2/repository/io/micrometer/micrometer-observation/1.14.6/micrometer-observation-1.14.6.jar:/home/wyiu/.m2/repository/io/micrometer/micrometer-commons/1.14.6/micrometer-commons-1.14.6.jar:/home/wyiu/.m2/repository/io/micrometer/micrometer-jakarta9/1.14.6/micrometer-jakarta9-1.14.6.jar:/home/wyiu/.m2/repository/io/micrometer/micrometer-core/1.14.6/micrometer-core-1.14.6.jar:/home/wyiu/.m2/repository/org/hdrhistogram/HdrHistogram/2.2.2/HdrHistogram-2.2.2.jar:/home/wyiu/.m2/repository/org/latencyutils/LatencyUtils/2.0.3/LatencyUtils-2.0.3.jar:/home/wyiu/.m2/repository/org/springframework/boot/spring-boot-devtools/3.4.5/spring-boot-devtools-3.4.5.jar:/home/wyiu/.m2/repository/org/springframework/boot/spring-boot/3.4.5/spring-boot-3.4.5.jar:/home/wyiu/.m2/repository/org/springframework/boot/spring-boot-autoconfigure/3.4.5/spring-boot-autoconfigure-3.4.5.jar:/home/wyiu/.m2/repository/org/projectlombok/lombok/1.18.38/lombok-1.18.38.jar:/home/wyiu/.m2/repository/org/springframework/boot/spring-boot-starter-test/3.4.5/spring-boot-starter-test-3.4.5.jar:/home/wyiu/.m2/repository/org/springframework/boot/spring-boot-test/3.4.5/spring-boot-test-3.4.5.jar:/home/wyiu/.m2/repository/org/springframework/boot/spring-boot-test-autoconfigure/3.4.5/spring-boot-test-autoconfigure-3.4.5.jar:/home/wyiu/.m2/repository/com/jayway/jsonpath/json-path/2.9.0/json-path-2.9.0.jar:/home/wyiu/.m2/repository/org/slf4j/slf4j-api/2.0.17/slf4j-api-2.0.17.jar:/home/wyiu/.m2/repository/jakarta/xml/bind/jakarta.xml.bind-api/4.0.2/jakarta.xml.bind-api-4.0.2.jar:/home/wyiu/.m2/repository/jakarta/activation/jakarta.activation-api/2.1.3/jakarta.activation-api-2.1.3.jar:/home/wyiu/.m2/repository/net/minidev/json-smart/2.5.2/json-smart-2.5.2.jar:/home/wyiu/.m2/repository/net/minidev/accessors-smart/2.5.2/accessors-smart-2.5.2.jar:/home/wyiu/.m2/repository/org/ow2/asm/asm/9.7.1/asm-9.7.1.jar:/home/wyiu/.m2/repository/org/assertj/assertj-core/3.26.3/assertj-core-3.26.3.jar:/home/wyiu/.m2/repository/net/bytebuddy/byte-buddy/1.15.11/byte-buddy-1.15.11.jar:/home/wyiu/.m2/repository/org/awaitility/awaitility/4.2.2/awaitility-4.2.2.jar:/home/wyiu/.m2/repository/org/hamcrest/hamcrest/2.2/hamcrest-2.2.jar:/home/wyiu/.m2/repository/org/junit/jupiter/junit-jupiter/5.11.4/junit-jupiter-5.11.4.jar:/home/wyiu/.m2/repository/org/junit/jupiter/junit-jupiter-api/5.11.4/junit-jupiter-api-5.11.4.jar:/home/wyiu/.m2/repository/org/opentest4j/opentest4j/1.3.0/opentest4j-1.3.0.jar:/home/wyiu/.m2/repository/org/junit/platform/junit-platform-commons/1.11.4/junit-platform-commons-1.11.4.jar:/home/wyiu/.m2/repository/org/apiguardian/apiguardian-api/1.1.2/apiguardian-api-1.1.2.jar:/home/wyiu/.m2/repository/org/junit/jupiter/junit-jupiter-params/5.11.4/junit-jupiter-params-5.11.4.jar:/home/wyiu/.m2/repository/org/junit/jupiter/junit-jupiter-engine/5.11.4/junit-jupiter-engine-5.11.4.jar:/home/wyiu/.m2/repository/org/junit/platform/junit-platform-engine/1.11.4/junit-platform-engine-1.11.4.jar:/home/wyiu/.m2/repository/org/mockito/mockito-core/5.14.2/mockito-core-5.14.2.jar:/home/wyiu/.m2/repository/net/bytebuddy/byte-buddy-agent/1.15.11/byte-buddy-agent-1.15.11.jar:/home/wyiu/.m2/repository/org/objenesis/objenesis/3.3/objenesis-3.3.jar:/home/wyiu/.m2/repository/org/mockito/mockito-junit-jupiter/5.14.2/mockito-junit-jupiter-5.14.2.jar:/home/wyiu/.m2/repository/org/skyscreamer/jsonassert/1.5.3/jsonassert-1.5.3.jar:/home/wyiu/.m2/repository/com/vaadin/external/google/android-json/0.0.20131108.vaadin1/android-json-0.0.20131108.vaadin1.jar:/home/wyiu/.m2/repository/org/springframework/spring-core/6.2.6/spring-core-6.2.6.jar:/home/wyiu/.m2/repository/org/springframework/spring-jcl/6.2.6/spring-jcl-6.2.6.jar:/home/wyiu/.m2/repository/org/springframework/spring-test/6.2.6/spring-test-6.2.6.jar:/home/wyiu/.m2/repository/org/xmlunit/xmlunit-core/2.10.0/xmlunit-core-2.10.0.jar:"/>
    <property name="sun.cpu.endian" value="little"/>
    <property name="user.home" value="/home/wyiu"/>
    <property name="user.language" value="en"/>
    <property name="java.specification.vendor" value="Oracle Corporation"/>
    <property name="java.version.date" value="2025-04-15"/>
    <property name="java.home" value="/usr/lib/jvm/java-17-openjdk-17.0.15.0.6-2.0.1.el9.x86_64"/>
    <property name="file.separator" value="/"/>
    <property name="basedir" value="/home/wyiu/personal/demopipeline"/>
    <property name="java.vm.compressedOopsMode" value="Zero based"/>
    <property name="line.separator" value="&#10;"/>
    <property name="java.specification.name" value="Java Platform API Specification"/>
    <property name="java.vm.specification.vendor" value="Oracle Corporation"/>
    <property name="FILE_LOG_CHARSET" value="UTF-8"/>
    <property name="java.awt.headless" value="true"/>
    <property name="surefire.real.class.path" value="/home/wyiu/personal/demopipeline/target/surefire/surefirebooter-20250609223352944_3.jar"/>
    <property name="sun.management.compiler" value="HotSpot 64-Bit Tiered Compilers"/>
    <property name="java.runtime.version" value="17.0.15+6-LTS"/>
    <property name="user.name" value="wyiu"/>
    <property name="path.separator" value=":"/>
    <property name="os.version" value="6.6.87.1-microsoft-standard-WSL2"/>
    <property name="java.runtime.name" value="OpenJDK Runtime Environment"/>
    <property name="file.encoding" value="UTF-8"/>
    <property name="java.vm.name" value="OpenJDK 64-Bit Server VM"/>
    <property name="java.vendor.version" value="(Red_Hat-17.0.15.0.6-2.0.1)"/>
    <property name="localRepository" value="/home/wyiu/.m2/repository"/>
    <property name="java.vendor.url.bug" value="https://access.redhat.com/support/cases/"/>
    <property name="java.io.tmpdir" value="/tmp"/>
    <property name="java.version" value="17.0.15"/>
    <property name="user.dir" value="/home/wyiu/personal/demopipeline"/>
    <property name="os.arch" value="amd64"/>
    <property name="java.vm.specification.name" value="Java Virtual Machine Specification"/>
    <property name="PID" value="26138"/>
    <property name="CONSOLE_LOG_CHARSET" value="UTF-8"/>
    <property name="native.encoding" value="UTF-8"/>
    <property name="java.library.path" value="/usr/java/packages/lib:/usr/lib64:/lib64:/lib:/usr/lib"/>
    <property name="java.vm.info" value="mixed mode, sharing"/>
    <property name="java.vendor" value="Red Hat, Inc."/>
    <property name="java.vm.version" value="17.0.15+6-LTS"/>
    <property name="java.specification.maintenance.version" value="1"/>
    <property name="sun.io.unicode.encoding" value="UnicodeLittle"/>
    <property name="java.class.version" value="61.0"/>
  </properties>
  <testcase name="createProduct_ShouldReturnCreatedProduct" classname="com.example.demopipeline.controller.ProductControllerTest" time="0.379">
    <system-out><![CDATA[22:33:54.160 [main] INFO org.springframework.test.context.support.AnnotationConfigContextLoaderUtils -- Could not detect default configuration classes for test class [com.example.demopipeline.controller.ProductControllerTest]: ProductControllerTest does not declare any static, non-private, non-final, nested classes annotated with @Configuration.
22:33:54.352 [main] INFO org.springframework.boot.test.context.SpringBootTestContextBootstrapper -- Found @SpringBootConfiguration com.example.demopipeline.DemoPipelineApplication for test class com.example.demopipeline.controller.ProductControllerTest
22:33:54.424 [main] INFO org.springframework.boot.devtools.restart.RestartApplicationListener -- Restart disabled due to context in which it is running

  .   ____          _            __ _ _
 /\\ / ___'_ __ _ _(_)_ __  __ _ \ \ \ \
( ( )\___ | '_ | '_| | '_ \/ _` | \ \ \ \
 \\/  ___)| |_)| | | | | || (_| |  ) ) ) )
  '  |____| .__|_| |_|_| |_\__, | / / / /
 =========|_|==============|___/=/_/_/_/

 :: Spring Boot ::                (v3.4.5)

2025-06-09T22:33:54.871-04:00  INFO 26138 --- [           main] c.e.d.controller.ProductControllerTest   : Starting ProductControllerTest using Java 17.0.15 with PID 26138 (started by wyiu in /home/wyiu/personal/demopipeline)
2025-06-09T22:33:54.873-04:00  INFO 26138 --- [           main] c.e.d.controller.ProductControllerTest   : No active profile set, falling back to 1 default profile: "default"
2025-06-09T22:33:57.023-04:00  INFO 26138 --- [           main] o.s.b.t.m.w.SpringBootMockServletContext : Initializing Spring TestDispatcherServlet ''
2025-06-09T22:33:57.024-04:00  INFO 26138 --- [           main] o.s.t.web.servlet.TestDispatcherServlet  : Initializing Servlet ''
2025-06-09T22:33:57.028-04:00  INFO 26138 --- [           main] o.s.t.web.servlet.TestDispatcherServlet  : Completed initialization in 2 ms
2025-06-09T22:33:57.059-04:00  INFO 26138 --- [           main] c.e.d.controller.ProductControllerTest   : Started ProductControllerTest in 2.647 seconds (process running for 4.077)
]]></system-out>
  </testcase>
  <testcase name="deleteProduct_ShouldReturnNoContent_WhenProductExists" classname="com.example.demopipeline.controller.ProductControllerTest" time="0.016"/>
  <testcase name="getProductsByCategory_ShouldReturnProducts_WhenCategoryExists" classname="com.example.demopipeline.controller.ProductControllerTest" time="0.023"/>
  <testcase name="getAllProducts_ShouldHandleEmptyAndLargeResults" classname="com.example.demopipeline.controller.ProductControllerTest" time="0.027"/>
  <testcase name="deleteProduct_ShouldReturnNotFound_WhenProductDoesNotExist" classname="com.example.demopipeline.controller.ProductControllerTest" time="0.023"/>
  <testcase name="updateProduct_ShouldHandleValidationAndNotFound" classname="com.example.demopipeline.controller.ProductControllerTest" time="0.03"/>
  <testcase name="createProduct_ShouldReturnBadRequest_WhenValidationFails" classname="com.example.demopipeline.controller.ProductControllerTest" time="0.009"/>
  <testcase name="getAllProducts_ShouldReturnProductsList_WhenProductsExist" classname="com.example.demopipeline.controller.ProductControllerTest" time="0.009"/>
  <testcase name="updateProduct_ShouldReturnUpdatedProduct_WhenProductExists" classname="com.example.demopipeline.controller.ProductControllerTest" time="0.009"/>
  <testcase name="getProductById_ShouldReturnNotFound_WhenProductDoesNotExist" classname="com.example.demopipeline.controller.ProductControllerTest" time="0.008"/>
  <testcase name="updateProduct_ShouldReturnNotFound_WhenProductDoesNotExist" classname="com.example.demopipeline.controller.ProductControllerTest" time="0.01"/>
  <testcase name="getAllProducts_ShouldReturnEmptyList_WhenNoProductsExist" classname="com.example.demopipeline.controller.ProductControllerTest" time="0.007"/>
  <testcase name="createProduct_ShouldHandleAllValidationScenarios" classname="com.example.demopipeline.controller.ProductControllerTest" time="0.012"/>
  <testcase name="getProductById_ShouldReturnProduct_WhenProductExists" classname="com.example.demopipeline.controller.ProductControllerTest" time="0.009"/>
</testsuite>